2024-07-24 17:04:05,056 - INFO - Successfully authenticated with Google Sheets API.
2024-07-24 17:04:05,272 - INFO - Successfully authenticated with Google Sheets API.
2024-07-24 17:04:05,399 - INFO - Successfully authenticated with Google Sheets API.
2024-07-24 17:04:07,237 - INFO - Successfully authenticated with Google Sheets API.
2024-07-24 17:04:19,237 - INFO - Successfully authenticated with Google Sheets API.
2024-07-24 17:04:22,200 - INFO - Successfully authenticated with Google Sheets API.
2024-07-24 17:04:22,289 - INFO - Successfully authenticated with Google Sheets API.
2024-07-24 17:04:23,455 - ERROR - Error processing https://docs.google.com/spreadsheets/d/1YiEmk4JLOm2B0P4SOWhKIvZvprN4QkEDNWS4qgW9WEY/edit#gid=396918893: 
2024-07-24 17:04:24,352 - ERROR - Error processing https://docs.google.com/spreadsheets/d/1_u3P87RaEsof-LMhMnf9Nl8H44vDQPNo2biM2sFDLpQ/edit#gid=396918893: 
2024-07-24 17:04:25,174 - ERROR - Error processing https://docs.google.com/spreadsheets/d/10LyPvWdqT_CECQ_iIPB1-wx-JuUb_lBIlmxkJM_sj8o/edit#gid=396918893: 
2024-07-24 17:04:26,113 - ERROR - Error processing https://docs.google.com/spreadsheets/d/10qb-7fQXrqMJbkCXBBBobmoGmXkUZFpSSHdUyUIiKxc/edit#gid=396918893: 
2024-07-24 17:04:26,534 - ERROR - Error processing https://docs.google.com/spreadsheets/d/11K1j3_deHDqZknbH6oOl_iYiv8khF4kjuCw6AbqdOYc/edit#gid=396918893: 
2024-07-24 17:04:27,371 - ERROR - Error processing https://docs.google.com/spreadsheets/d/14i4oMAyyOoEs8R9WfT7wnPCgt9-Bp5a_zUEHYLE07Wo/edit#gid=396918893: 
2024-07-24 17:04:28,143 - ERROR - Error processing https://docs.google.com/spreadsheets/d/183roqWMX0kQKtrdCfChwIF-IsSLFIBfWBN_cG9WIQMk/edit#gid=396918893: 
2024-07-24 17:04:28,997 - ERROR - Error processing https://docs.google.com/spreadsheets/d/19HmNvjfc_PJpiFSoNeKn60CaqTcX-OM_i8NkwtT98cw/edit#gid=396918893: 
2024-07-24 17:04:29,870 - ERROR - Error processing https://docs.google.com/spreadsheets/d/1b7lsTXUrfaTFGvWgzjKiRKvIAt5zno8MquHUxSE7M9I/edit#gid=396918893: 
2024-07-24 17:04:30,752 - ERROR - Error processing https://docs.google.com/spreadsheets/d/1DiKNF-P7fZQJcXLi3p3Syqn3B21H8Iytd0S5oZsF3O8/edit#gid=396918893: 
2024-07-24 17:04:31,571 - ERROR - Error processing https://docs.google.com/spreadsheets/d/1F5ziGbb81J_RFxEmNODeEwUzIMhKqgMptuOI1_OU9ss/edit#gid=396918893: 
2024-07-24 17:04:32,380 - ERROR - Error processing https://docs.google.com/spreadsheets/d/1I35jeHkEZCTY9-XeCts9Zkd4Fqv8F0mFqNSYu-tWo8k/edit#gid=396918893: 
2024-07-24 17:04:33,137 - ERROR - Error processing https://docs.google.com/spreadsheets/d/1M4v-Co9FSTqJotYWSiuul_BGWEmmc2y4r7vDr6BEvwM/edit#gid=396918893: 
2024-07-24 17:04:33,955 - ERROR - Error processing https://docs.google.com/spreadsheets/d/1nnMfst-h69BfHPm4E8eFd_fdMQY9OzoZ0ICxSZ61eno/edit#gid=396918893: 
2024-07-24 17:04:34,848 - ERROR - Error processing https://docs.google.com/spreadsheets/d/1oVeRMzrKgeKcPN2XhEX_axHMvZt4w0f6x0yZLNhFvX8/edit#gid=396918893: 
2024-07-24 17:04:35,646 - ERROR - Error processing https://docs.google.com/spreadsheets/d/1oWR6niPAtiNBGs-Jy_dk12t6NifVkrxqS4pMbhD5zaI/edit#gid=396918893: 
2024-07-24 17:04:36,589 - ERROR - Error processing https://docs.google.com/spreadsheets/d/1pxTR_CfxnKwgZMZ5brNjLvyiO5ij626dtdtXVSFXNYM/edit#gid=396918893: 
2024-07-24 17:04:37,516 - ERROR - Error processing https://docs.google.com/spreadsheets/d/1r2YSpXVOzwPhYzLKLSe4jFungCqX4G29aoxvvpBQltg/edit#gid=396918893: 
2024-07-24 17:04:38,326 - ERROR - Error processing https://docs.google.com/spreadsheets/d/1Rbk8l7selpU8eVjU0pr4xNX4hNNmPtIFbpgGqsSaD_k/edit#gid=396918893: 
2024-07-24 17:04:39,104 - ERROR - Error processing https://docs.google.com/spreadsheets/d/1RP4JfdGDjJ93mFXHGuYi3zTAAtBy1kd4wROMOEiysBQ/edit#gid=396918893: 
2024-07-24 17:04:39,957 - ERROR - Error processing https://docs.google.com/spreadsheets/d/1sZYjgAqYRHd3Nm_l9d4bTDqb-RFFrlydZptPlAhnD1Y/edit#gid=396918893: 
2024-07-24 17:04:40,802 - ERROR - Error processing https://docs.google.com/spreadsheets/d/1V-DS7CcJrTHnKgn71GjA7tdtU2adLgho_gPEVORtNpQ/edit#gid=396918893: 
2024-07-24 17:04:41,744 - ERROR - Error processing https://docs.google.com/spreadsheets/d/1Vb0eCuplaG0TY2lnxtVkPy9HfKGAqSIDQIc1IyfFU8w/edit#gid=396918893: 
2024-07-24 17:04:42,660 - ERROR - Error processing https://docs.google.com/spreadsheets/d/1WhAYQV9OdWvym6WNZqPkb7CF1wRlMzplVajfe6g3e2k/edit#gid=396918893: 
2024-07-24 17:04:43,672 - ERROR - Error processing https://docs.google.com/spreadsheets/d/1WxXwR1AkFy9YWm3vcCEtMs4U2N1T8d00PqmnaPZzP04/edit#gid=396918893: 
2024-07-24 17:04:44,932 - ERROR - Error processing https://docs.google.com/spreadsheets/d/1xAFN4FqihNMjZ0gouB3-b-GqrPItB9lfnW8oDRFD45A/edit#gid=396918893: 
2024-07-24 17:04:45,564 - ERROR - Error processing https://docs.google.com/spreadsheets/d/1XjigEODcPdZlHR-usMFCI_r1uawsfC6ejOCoXHiRwjw/edit#gid=396918893: 
2024-07-24 17:04:46,530 - ERROR - Error processing https://docs.google.com/spreadsheets/d/1xTLVpYMwjRIdUjLJt5v5HJI6xg-hLkqP2EPYtE9n2YM/edit#gid=396918893: 
2024-07-24 17:04:46,991 - ERROR - Error processing https://docs.google.com/spreadsheets/d/1XW-uFX0rTvnAq3PhC_yZ9mY3mMnXn8m5LqVWj3t-Ocs/edit#gid=396918893: 
2024-07-24 17:04:47,438 - ERROR - Error processing https://docs.google.com/spreadsheets/d/1yeGJ5GbtWMfXKI22AlBHWgqMbYlJhclsM--lb5uAG6k/edit#gid=396918893: 
2024-07-24 17:04:48,013 - ERROR - Error processing https://docs.google.com/spreadsheets/d/1zp1jqmqq8IQVQGYRIuPhEsOCEJ4wjfSxi8jL2DjS5_o/edit#gid=396918893: 
2024-07-24 17:04:48,974 - ERROR - Error processing https://docs.google.com/spreadsheets/d/1yww1INDfyXv2q7dJh-rcVmn6g1aK7Ypy-4Pi-YHEBAE/edit#gid=396918893: 
2024-07-24 17:04:49,421 - ERROR - Error processing https://docs.google.com/spreadsheets/d/1g6sYa_3Dgtk3yqzUt7BSEH-rGUlOrCDxJ-pWuN5Eo5Y/edit#gid=396918893: 
2024-07-24 17:04:50,338 - ERROR - Error processing https://docs.google.com/spreadsheets/d/1Yq68zN5X_uWC1ZlzSiq6feptj1LdxgI1yL5aJaFSIzQ/edit#gid=396918893: 
2024-07-24 17:04:50,738 - ERROR - Error processing https://docs.google.com/spreadsheets/d/1B2ppnufOL2QJg-jwMuW7rA4W0x1CixQlJDpZt-AZ7rU/edit#gid=396918893: 
2024-07-24 17:04:51,204 - ERROR - Error processing https://docs.google.com/spreadsheets/d/1YrBeuWLdz2dW9QLlyFqOv7qDuFSL-Acb5J0PbxVHep0/edit#gid=396918893: 
2024-07-24 17:04:52,112 - ERROR - Error processing https://docs.google.com/spreadsheets/d/1uziavRrJGcICreGjuFQhfcCjZVIH7IiK859fji2-Rt0/edit#gid=396918893: 
2024-07-24 17:04:52,674 - ERROR - Error processing https://docs.google.com/spreadsheets/d/1ib1g2P1qnQ9N-KvNdKw7qnnYW8E3V9Gp86WCW1W4bOA/edit#gid=396918893: 
2024-07-24 17:04:53,152 - ERROR - Error processing https://docs.google.com/spreadsheets/d/1VlZQHiYLqHC81-AW4U-upx34Hu5OVu9dGEAsSO0PFcg/edit#gid=396918893: 
2024-07-24 17:04:54,388 - ERROR - Error processing https://docs.google.com/spreadsheets/d/1hqyEVxckdVxns7QOrA3nwZPPzAuknok7RXEZhNb6UEM/edit#gid=396918893: 
2024-07-24 17:04:55,290 - ERROR - Error processing https://docs.google.com/spreadsheets/d/1xjowMX04KtmFD4jQFgiliEiOXTu40a3mN8UTakHNy4o/edit#gid=396918893: 
2024-07-24 17:04:55,754 - ERROR - Error processing https://docs.google.com/spreadsheets/d/1BFYLkq2tZCujMAr7BOEolZLm3sxRhQyIHkYbk-4Kt5E/edit#gid=396918893: 
2024-07-24 17:04:56,883 - ERROR - Error processing https://docs.google.com/spreadsheets/d/1lzsZU_pyFvcCFKpAhiuqApJC0sNDRZDliGnnAJeo1Yk/edit#gid=396918893: 
2024-07-24 17:04:57,415 - ERROR - Error processing https://docs.google.com/spreadsheets/d/1nDjgGBx9CnETbTapWMSYwLlwn5sfp4fmYXUDDR2eV-g/edit#gid=396918893: 
2024-07-24 17:04:58,351 - ERROR - Error processing https://docs.google.com/spreadsheets/d/1-sECr14NtvqwuPHMncvZtS0RZUfimdfzNXAyuCvycws/edit#gid=396918893: 
2024-07-24 17:04:58,807 - ERROR - Error processing https://docs.google.com/spreadsheets/d/1oNiJ1QtA5wp9mHlzg7NJ9vZcwz9LN9_X0MbUVINQdsA/edit#gid=396918893: 
2024-07-24 17:04:59,527 - ERROR - Error processing https://docs.google.com/spreadsheets/d/1JKCXNeyzU1ZCdv28C6GPlf7SNt0UEt-GpXhpbmJUyPY/edit#gid=396918893: 
2024-07-24 17:05:00,479 - ERROR - Error processing https://docs.google.com/spreadsheets/d/1lNP0J-L8rZf76LPsVxXQu66INhz_vMjZRP_VxffTjik/edit#gid=396918893: 
2024-07-24 17:05:00,941 - ERROR - Error processing https://docs.google.com/spreadsheets/d/1LMGmigqQODhvRG3kDyyXjfX934W9tDtO5p6_-I-djR4/edit#gid=396918893: 
2024-07-24 17:05:01,452 - ERROR - Error processing https://docs.google.com/spreadsheets/d/1hxnlQRit_KlKzeLz6CqNZTus2gLMytHSrTbDVCm7xOQ/edit#gid=396918893: 
2024-07-24 17:05:01,898 - ERROR - Error processing https://docs.google.com/spreadsheets/d/1i9Vlh4it07nEFARTbvoyRg4gqkgt8CvBQVJNdSxxjY4/edit#gid=396918893: 
2024-07-24 17:05:02,404 - ERROR - Error processing https://docs.google.com/spreadsheets/d/1A6UlHI220w4oX8cM83vauIYpIpwYsl7JAm0tsxcFK00/edit#gid=396918893: 
2024-07-24 17:05:03,420 - ERROR - Error processing https://docs.google.com/spreadsheets/d/1g7OZ1252lHUZrqneGWPl4bdmQSQjcUxuVqqcDoWxp9s/edit#gid=396918893: 
2024-07-24 17:05:04,476 - ERROR - Error processing https://docs.google.com/spreadsheets/d/19G8kLjySWcTbJEssqC1DpX7FQHWH6BClGBNrLuypcJw/edit#gid=396918893: 
2024-07-24 17:05:04,961 - ERROR - Error processing https://docs.google.com/spreadsheets/d/1sdv2Ux8_EKyJMOlD5bjO5xwyiZLpb1uwoxm8YNGgsfM/edit#gid=396918893: 
2024-07-24 17:05:05,389 - ERROR - Error processing https://docs.google.com/spreadsheets/d/1bkMnukIeaQ5szYLa6wDfJa74VHaYjpUC39xYVytUpuo/edit#gid=396918893: 
2024-07-24 17:05:05,855 - ERROR - Error processing https://docs.google.com/spreadsheets/d/1oKntRLWmLOa7Do96u9DWG5aNmxr4C5pmpmc7N0TGN6A/edit#gid=396918893: 
2024-07-24 17:05:06,330 - ERROR - Error processing https://docs.google.com/spreadsheets/d/1X828v3OTi2k83LixV_4NcvTygO5ILCrNYyvxB9nuGYo/edit#gid=396918893: 
2024-07-24 17:05:07,254 - ERROR - Error processing https://docs.google.com/spreadsheets/d/1qlHtOMl75RstIc14vjCkdn4H_laO21sEKuZKgI8UgBQ/edit#gid=396918893: 
2024-07-24 17:05:07,735 - ERROR - Error processing https://docs.google.com/spreadsheets/d/1L8YNY1Iw-ddCR-A05dRXELYsQwN079vo4hqQCAQkxk8/edit#gid=396918893: 
2024-07-24 17:05:08,237 - ERROR - Error processing https://docs.google.com/spreadsheets/d/1gYRfrYQwjVeby7YmxoTEPeKC6aCk6ZqJhoPOhajxjdc/edit#gid=396918893: 
2024-07-24 17:05:08,702 - ERROR - Error processing https://docs.google.com/spreadsheets/d/12W17kKdJItXJhV0rhPysw2JJCloQF8FxKof2Z-yoR9s/edit#gid=396918893: 
2024-07-24 17:05:09,763 - ERROR - Error processing https://docs.google.com/spreadsheets/d/1Ik_PjIB3j6MhAwEOpe6w7rFIMgNU4XOQ6ivmIQusNHE/edit#gid=396918893: 
2024-07-24 17:05:10,230 - ERROR - Error processing https://docs.google.com/spreadsheets/d/1HWFiknyOe1qsgQ3PlLsFugvZdD-Qq7eQIw8CDU_7s98/edit#gid=396918893: 
2024-07-24 17:05:11,176 - ERROR - Error processing https://docs.google.com/spreadsheets/d/1_giYGXKXmk9_DnQjhbtpdDFrQtnTBLzT49ZzkFoB4CE/edit#gid=396918893: 
2024-07-24 17:05:11,767 - ERROR - Error processing https://docs.google.com/spreadsheets/d/1HaDTTZ6uCG2xuT7jyTzYKYLwfyQApDeWvVgiEDUqxPA/edit#gid=396918893: 
2024-07-24 17:05:12,302 - ERROR - Error processing https://docs.google.com/spreadsheets/d/13FRlN4ZkMCkbIw1gsuijbXQvp03HR9oGWjzmYcqXwL8/edit#gid=396918893: 
2024-07-24 17:05:13,197 - ERROR - Error processing https://docs.google.com/spreadsheets/d/1m46D8XCzGAOPX_HTtTSP7wwUA5tKIG7K1R4s3vNit9I/edit#gid=396918893: 
2024-07-24 17:05:13,650 - ERROR - Error processing https://docs.google.com/spreadsheets/d/1UlzKgJ6kYIy7f-2q5cff6vACHqgM9FOUb6mTJyVPsjU/edit#gid=396918893: 
2024-07-24 17:05:14,227 - ERROR - Error processing https://docs.google.com/spreadsheets/d/1eS6weQVVxN-7oPoTyCJGwtde6NMfbbcCfaw5t8kV6fs/edit#gid=396918893: 
2024-07-24 17:05:14,681 - ERROR - Error processing https://docs.google.com/spreadsheets/d/15LcX0flyjJhH3Y8KauaD37owBC4aYqjXann2u1-j_oQ/edit#gid=396918893: 
2024-07-24 17:05:15,130 - ERROR - Error processing https://docs.google.com/spreadsheets/d/1QSjM-yWEuPZcvsf1wVZ6lkzQHvxxgMamFu2w2AuYlgM/edit#gid=396918893: 
2024-07-24 17:05:15,646 - ERROR - Error processing https://docs.google.com/spreadsheets/d/1_zzv0qqEfjrydCf2Z2yrwokANhLY6eAAmCGRuBwdOVE/edit#gid=396918893: 
2024-07-24 17:05:16,598 - ERROR - Error processing https://docs.google.com/spreadsheets/d/1N_oAlHdysTj_PnXhUj4IcKSLZgGogt765lajjtc6I9w/edit#gid=396918893: 
2024-07-24 17:05:17,599 - ERROR - Error processing https://docs.google.com/spreadsheets/d/1tgWzYobsgtBztSa6NtuDD1owgFwC2fKaPjBPU1gn300/edit#gid=396918893: 
2024-07-24 17:05:18,624 - ERROR - Error processing https://docs.google.com/spreadsheets/d/1JdEqNZDTycJ1iDPTIxC8TCN7ZAqgeaqoTHgBhqcKEgg/edit#gid=396918893: 
2024-07-24 17:05:19,598 - ERROR - Error processing https://docs.google.com/spreadsheets/d/1S1I3DjZ19-fsYtUrSFYYx1AfhzyVBFZN4u1CpXwDrTc/edit#gid=396918893: 
2024-07-24 17:05:20,724 - ERROR - Error processing https://docs.google.com/spreadsheets/d/1w1tDvwuedW6C8FQsYNqD35xuOaNiP-UBhbP3EMWBfrs/edit#gid=396918893: 
2024-07-24 17:05:21,407 - ERROR - API error for URL https://docs.google.com/spreadsheets/d/1ohBRwLRl0js8TPGGXQCFYs_IASc4e135tJvGsrhuWeE/edit#gid=396918893: APIError: [429]: Quota exceeded for quota metric 'Read requests' and limit 'Read requests per minute per user' of service 'sheets.googleapis.com' for consumer 'project_number:615372588094'.
2024-07-24 17:05:22,083 - INFO - Successfully authenticated with Google Sheets API.
