2024-07-24 17:17:19,094 - INFO - Successfully authenticated with Google Sheets API.
2024-07-24 17:17:19,094 - INFO - Successfully authenticated with Google Sheets API.
2024-07-24 17:17:25,941 - INFO - Successfully authenticated with Google Sheets API.
2024-07-24 17:17:26,048 - INFO - Successfully authenticated with Google Sheets API.
2024-07-24 17:17:26,716 - ERROR - Error processing https://docs.google.com/spreadsheets/d/1YiEmk4JLOm2B0P4SOWhKIvZvprN4QkEDNWS4qgW9WEY/edit#gid=396918893: 
2024-07-24 17:17:27,559 - ERROR - Error processing https://docs.google.com/spreadsheets/d/1_u3P87RaEsof-LMhMnf9Nl8H44vDQPNo2biM2sFDLpQ/edit#gid=396918893: 
2024-07-24 17:17:28,460 - ERROR - Error processing https://docs.google.com/spreadsheets/d/10LyPvWdqT_CECQ_iIPB1-wx-JuUb_lBIlmxkJM_sj8o/edit#gid=396918893: 
2024-07-24 17:17:29,481 - ERROR - Error processing https://docs.google.com/spreadsheets/d/10qb-7fQXrqMJbkCXBBBobmoGmXkUZFpSSHdUyUIiKxc/edit#gid=396918893: 
2024-07-24 17:17:29,808 - ERROR - Error processing https://docs.google.com/spreadsheets/d/11K1j3_deHDqZknbH6oOl_iYiv8khF4kjuCw6AbqdOYc/edit#gid=396918893: 
2024-07-24 17:17:30,623 - ERROR - Error processing https://docs.google.com/spreadsheets/d/14i4oMAyyOoEs8R9WfT7wnPCgt9-Bp5a_zUEHYLE07Wo/edit#gid=396918893: 
2024-07-24 17:17:31,415 - ERROR - Error processing https://docs.google.com/spreadsheets/d/183roqWMX0kQKtrdCfChwIF-IsSLFIBfWBN_cG9WIQMk/edit#gid=396918893: 
2024-07-24 17:17:32,384 - ERROR - Error processing https://docs.google.com/spreadsheets/d/19HmNvjfc_PJpiFSoNeKn60CaqTcX-OM_i8NkwtT98cw/edit#gid=396918893: 
2024-07-24 17:17:33,270 - ERROR - Error processing https://docs.google.com/spreadsheets/d/1b7lsTXUrfaTFGvWgzjKiRKvIAt5zno8MquHUxSE7M9I/edit#gid=396918893: 
2024-07-24 17:17:34,169 - ERROR - Error processing https://docs.google.com/spreadsheets/d/1DiKNF-P7fZQJcXLi3p3Syqn3B21H8Iytd0S5oZsF3O8/edit#gid=396918893: 
2024-07-24 17:17:35,037 - ERROR - Error processing https://docs.google.com/spreadsheets/d/1F5ziGbb81J_RFxEmNODeEwUzIMhKqgMptuOI1_OU9ss/edit#gid=396918893: 
2024-07-24 17:17:35,908 - ERROR - Error processing https://docs.google.com/spreadsheets/d/1I35jeHkEZCTY9-XeCts9Zkd4Fqv8F0mFqNSYu-tWo8k/edit#gid=396918893: 
2024-07-24 17:17:36,781 - ERROR - Error processing https://docs.google.com/spreadsheets/d/1M4v-Co9FSTqJotYWSiuul_BGWEmmc2y4r7vDr6BEvwM/edit#gid=396918893: 
2024-07-24 17:17:37,670 - ERROR - Error processing https://docs.google.com/spreadsheets/d/1nnMfst-h69BfHPm4E8eFd_fdMQY9OzoZ0ICxSZ61eno/edit#gid=396918893: 
2024-07-24 17:17:38,502 - ERROR - Error processing https://docs.google.com/spreadsheets/d/1oVeRMzrKgeKcPN2XhEX_axHMvZt4w0f6x0yZLNhFvX8/edit#gid=396918893: 
2024-07-24 17:17:39,516 - ERROR - Error processing https://docs.google.com/spreadsheets/d/1oWR6niPAtiNBGs-Jy_dk12t6NifVkrxqS4pMbhD5zaI/edit#gid=396918893: 
2024-07-24 17:17:40,539 - ERROR - Error processing https://docs.google.com/spreadsheets/d/1pxTR_CfxnKwgZMZ5brNjLvyiO5ij626dtdtXVSFXNYM/edit#gid=396918893: 
2024-07-24 17:17:41,484 - ERROR - Error processing https://docs.google.com/spreadsheets/d/1r2YSpXVOzwPhYzLKLSe4jFungCqX4G29aoxvvpBQltg/edit#gid=396918893: 
2024-07-24 17:17:42,433 - ERROR - Error processing https://docs.google.com/spreadsheets/d/1Rbk8l7selpU8eVjU0pr4xNX4hNNmPtIFbpgGqsSaD_k/edit#gid=396918893: 
2024-07-24 17:17:43,342 - ERROR - Error processing https://docs.google.com/spreadsheets/d/1RP4JfdGDjJ93mFXHGuYi3zTAAtBy1kd4wROMOEiysBQ/edit#gid=396918893: 
2024-07-24 17:17:44,262 - ERROR - Error processing https://docs.google.com/spreadsheets/d/1sZYjgAqYRHd3Nm_l9d4bTDqb-RFFrlydZptPlAhnD1Y/edit#gid=396918893: 
2024-07-24 17:17:45,221 - ERROR - Error processing https://docs.google.com/spreadsheets/d/1V-DS7CcJrTHnKgn71GjA7tdtU2adLgho_gPEVORtNpQ/edit#gid=396918893: 
2024-07-24 17:17:46,127 - ERROR - Error processing https://docs.google.com/spreadsheets/d/1Vb0eCuplaG0TY2lnxtVkPy9HfKGAqSIDQIc1IyfFU8w/edit#gid=396918893: 
2024-07-24 17:17:47,092 - ERROR - Error processing https://docs.google.com/spreadsheets/d/1WhAYQV9OdWvym6WNZqPkb7CF1wRlMzplVajfe6g3e2k/edit#gid=396918893: 
2024-07-24 17:17:48,116 - ERROR - Error processing https://docs.google.com/spreadsheets/d/1WxXwR1AkFy9YWm3vcCEtMs4U2N1T8d00PqmnaPZzP04/edit#gid=396918893: 
2024-07-24 17:17:48,991 - ERROR - Error processing https://docs.google.com/spreadsheets/d/1xAFN4FqihNMjZ0gouB3-b-GqrPItB9lfnW8oDRFD45A/edit#gid=396918893: 
2024-07-24 17:17:50,067 - ERROR - Error processing https://docs.google.com/spreadsheets/d/1XjigEODcPdZlHR-usMFCI_r1uawsfC6ejOCoXHiRwjw/edit#gid=396918893: 
2024-07-24 17:17:50,576 - ERROR - Error processing https://docs.google.com/spreadsheets/d/1xTLVpYMwjRIdUjLJt5v5HJI6xg-hLkqP2EPYtE9n2YM/edit#gid=396918893: 
2024-07-24 17:17:50,994 - ERROR - Error processing https://docs.google.com/spreadsheets/d/1XW-uFX0rTvnAq3PhC_yZ9mY3mMnXn8m5LqVWj3t-Ocs/edit#gid=396918893: 
2024-07-24 17:17:51,887 - ERROR - Error processing https://docs.google.com/spreadsheets/d/1yeGJ5GbtWMfXKI22AlBHWgqMbYlJhclsM--lb5uAG6k/edit#gid=396918893: 
2024-07-24 17:17:52,890 - ERROR - Error processing https://docs.google.com/spreadsheets/d/1zp1jqmqq8IQVQGYRIuPhEsOCEJ4wjfSxi8jL2DjS5_o/edit#gid=396918893: 
2024-07-24 17:17:53,850 - ERROR - Error processing https://docs.google.com/spreadsheets/d/1yww1INDfyXv2q7dJh-rcVmn6g1aK7Ypy-4Pi-YHEBAE/edit#gid=396918893: 
2024-07-24 17:17:54,718 - ERROR - Error processing https://docs.google.com/spreadsheets/d/1g6sYa_3Dgtk3yqzUt7BSEH-rGUlOrCDxJ-pWuN5Eo5Y/edit#gid=396918893: 
2024-07-24 17:17:55,578 - ERROR - Error processing https://docs.google.com/spreadsheets/d/1Yq68zN5X_uWC1ZlzSiq6feptj1LdxgI1yL5aJaFSIzQ/edit#gid=396918893: 
2024-07-24 17:17:56,011 - ERROR - Error processing https://docs.google.com/spreadsheets/d/1B2ppnufOL2QJg-jwMuW7rA4W0x1CixQlJDpZt-AZ7rU/edit#gid=396918893: 
2024-07-24 17:17:56,951 - ERROR - Error processing https://docs.google.com/spreadsheets/d/1YrBeuWLdz2dW9QLlyFqOv7qDuFSL-Acb5J0PbxVHep0/edit#gid=396918893: 
2024-07-24 17:17:57,827 - ERROR - Error processing https://docs.google.com/spreadsheets/d/1uziavRrJGcICreGjuFQhfcCjZVIH7IiK859fji2-Rt0/edit#gid=396918893: 
2024-07-24 17:17:58,751 - ERROR - Error processing https://docs.google.com/spreadsheets/d/1ib1g2P1qnQ9N-KvNdKw7qnnYW8E3V9Gp86WCW1W4bOA/edit#gid=396918893: 
2024-07-24 17:17:59,186 - ERROR - Error processing https://docs.google.com/spreadsheets/d/1VlZQHiYLqHC81-AW4U-upx34Hu5OVu9dGEAsSO0PFcg/edit#gid=396918893: 
2024-07-24 17:18:00,074 - ERROR - Error processing https://docs.google.com/spreadsheets/d/1hqyEVxckdVxns7QOrA3nwZPPzAuknok7RXEZhNb6UEM/edit#gid=396918893: 
2024-07-24 17:18:01,020 - ERROR - Error processing https://docs.google.com/spreadsheets/d/1xjowMX04KtmFD4jQFgiliEiOXTu40a3mN8UTakHNy4o/edit#gid=396918893: 
2024-07-24 17:18:01,958 - ERROR - Error processing https://docs.google.com/spreadsheets/d/1BFYLkq2tZCujMAr7BOEolZLm3sxRhQyIHkYbk-4Kt5E/edit#gid=396918893: 
2024-07-24 17:18:02,872 - ERROR - Error processing https://docs.google.com/spreadsheets/d/1lzsZU_pyFvcCFKpAhiuqApJC0sNDRZDliGnnAJeo1Yk/edit#gid=396918893: 
2024-07-24 17:18:03,888 - ERROR - Error processing https://docs.google.com/spreadsheets/d/1nDjgGBx9CnETbTapWMSYwLlwn5sfp4fmYXUDDR2eV-g/edit#gid=396918893: 
2024-07-24 17:18:04,810 - ERROR - Error processing https://docs.google.com/spreadsheets/d/1-sECr14NtvqwuPHMncvZtS0RZUfimdfzNXAyuCvycws/edit#gid=396918893: 
2024-07-24 17:18:05,263 - ERROR - Error processing https://docs.google.com/spreadsheets/d/1oNiJ1QtA5wp9mHlzg7NJ9vZcwz9LN9_X0MbUVINQdsA/edit#gid=396918893: 
2024-07-24 17:18:06,130 - ERROR - Error processing https://docs.google.com/spreadsheets/d/1JKCXNeyzU1ZCdv28C6GPlf7SNt0UEt-GpXhpbmJUyPY/edit#gid=396918893: 
2024-07-24 17:18:06,653 - ERROR - Error processing https://docs.google.com/spreadsheets/d/1lNP0J-L8rZf76LPsVxXQu66INhz_vMjZRP_VxffTjik/edit#gid=396918893: 
2024-07-24 17:18:07,574 - ERROR - Error processing https://docs.google.com/spreadsheets/d/1LMGmigqQODhvRG3kDyyXjfX934W9tDtO5p6_-I-djR4/edit#gid=396918893: 
2024-07-24 17:18:08,495 - ERROR - Error processing https://docs.google.com/spreadsheets/d/1hxnlQRit_KlKzeLz6CqNZTus2gLMytHSrTbDVCm7xOQ/edit#gid=396918893: 
2024-07-24 17:18:09,388 - ERROR - Error processing https://docs.google.com/spreadsheets/d/1i9Vlh4it07nEFARTbvoyRg4gqkgt8CvBQVJNdSxxjY4/edit#gid=396918893: 
2024-07-24 17:18:10,441 - ERROR - Error processing https://docs.google.com/spreadsheets/d/1A6UlHI220w4oX8cM83vauIYpIpwYsl7JAm0tsxcFK00/edit#gid=396918893: 
2024-07-24 17:18:11,362 - ERROR - Error processing https://docs.google.com/spreadsheets/d/1g7OZ1252lHUZrqneGWPl4bdmQSQjcUxuVqqcDoWxp9s/edit#gid=396918893: 
2024-07-24 17:18:12,385 - ERROR - Error processing https://docs.google.com/spreadsheets/d/19G8kLjySWcTbJEssqC1DpX7FQHWH6BClGBNrLuypcJw/edit#gid=396918893: 
2024-07-24 17:18:13,513 - ERROR - Error processing https://docs.google.com/spreadsheets/d/1sdv2Ux8_EKyJMOlD5bjO5xwyiZLpb1uwoxm8YNGgsfM/edit#gid=396918893: 
2024-07-24 17:20:53,327 - INFO - Successfully authenticated with Google Sheets API.
2024-07-24 17:20:57,498 - INFO - Successfully authenticated with Google Sheets API.
2024-07-24 17:21:18,699 - ERROR - API error on attempt 1: APIError: [503]: The service is currently unavailable.
